[   0.000] Initializing cgroup subsycpset
  0.00000] Initializing cgroup subsys cpu
[    0.000000] Initializing cgroup subsys cpuacct
[    0.000000] Linux version 4.4.0-112-generic (buildd@lgw01-amd64-010) (gcc version 5..0 2060609 (Ubunt 5.4.0-6ubuntu1~16..5 ) #35buntSM Fri Jan 19 11:48:36 UTC 2018 (Ubuntu 4.4.0-112.135-generic 4.4.98)
[    0.000000] Command line: BOOT_IMAGE=/boot/vmlinuz-4.4.0-112-generic root=LABEL=cloudimg-rootfs ro console=tty1 consolttS0
  0.00000KERNEsuportd us:
[   .000000   Intel GenuineIntel
[    0.000]   MDutentiAM
[    0.000]   enurCetaHauls[    .000] x86fp xstteffset[2]:  576, xste_sizes[2]:  256
[    0.000000] x86/fp: uportig AV fate 0x01: x8floaing oit restrs'[    0.0000 x86/puSupporngXSAV fture0x: 'SSE registers'
[    0.000000] x86/fpu: Supporting XSAVE feature 0x04: 'AVX registers'
[    0.000000 x/fpu:naed xstteeature 0, cote size i 8 byts,sing 'sandard' format.
[   000000x8/fpu: si 'lazyFP conexswtches.
[     0.0000 e820BIS-proviedhysicl M ma:[    00000 BIOSe8: [mm 0000000000000-x00000009bff] ubl
[   000000]BI-e820: [mem 0x000000000009fc00-0x000000000009ffff] reserved
[    0.000000] BIOS-e820: [mem 0x00000000000f0000-0x000000000ffff resrv
   000000] BIS-820:[m 00000000000100000-0x000003ffeff usale
[    0.000] BIOe820 [mem 0x000000003fff0000-0x00000000fffff] CPdata
[    0.000000] BIOS-e820: em0x00000000fec00000-0x00000000fec00fff] reserved
[    0.000000] BIOS-e820: [mem 0x00000000fee00000-0x00000000fee00fff] reserve
[    .000000 BS-e82 [em 000000fc000-0x00000ffffffff] reserved
[    0.000000] N(Execute Disable) protection: active
[    0.000000] SMBIOS 2.5 present.
[    0.00000] Hypervisor detected: KM
    0.000000] e820: last_pfn = 0x3ff0ax_arc_p = 00000000
   0.000] MT: isable
   0.00000x86/AT: MTRs isabled spping PATinializaio to.
  0.0000 CPU MTRsal blank  vtualize stem.
[   0.00000] x86/PAT: Configurationn [0-7]:WB WT  C-C  WB  T UC UC  
[    0.00000]ound SM Mtabl a [em 0x09ff0-0x009ff] mapedt [fff000009fff][    0.0000 Sanning 1 areas for low memryorrupon
[    .0000] RMDK:[mem 0x6a000-0x37565fff]
[    0.000000] ACPI: Early table checksum verification disabled
[    0.000000] ACPI: RSDP 0x00000000000E0000 000024 (v02 VBOX  )
[    0.000000] ACPI: XSDT 0x000000003FFF0030 00003C (v01 VBOX   VBOXXSDT 00000001 ASL  00000061)
[    0.000000] ACPI: FACP 0x000000003FFF00F0 0000F4 (v04 VBOX   VBOXFACP 00000001 ASL  00000061)
[    0.000000] ACPI: DSDT 0x000000003FFF0470 0021FF (v02 VBOX   VBOXBIOS 00000002 INTL 20100528
   0.000000] CP FACS 000000003FF020 000040
[   0.000000] API: FACS 0x000000003FFF0200 000040
[    0.000000] ACPI: APIC 0x00003FFF0240005C (v02 VBOX  OXPI000000 A  00000061)
[    0.000000] ACPI: SSDT 0x000000003FFF02A0 0001CC (v01 VBOX   VBOXCPUT 00000002 INTL 20100528)
[    0.000000] No NUMA configuration found
[    0.000000] Faking a node at [mem 0x0000000000000-0x0000003ffeffff
[   0.00000 NODE_DTA) allocated [mem 0x3ffeb000-0x3ffeffff]
[    0.000000] kvm-clock: Using msrs 4b564d01 and 4b564d00
[    0.000] kvm-clock: cpu 0, msr 0:3ffe3001, primary cpu clock
[    0.000000] kvm-clock: using sched offset of 3129058194 cycles
[    0.000000] clocksource: kvm-clock: mask: 0xffffffffffffffff max_cycles: 0x1cd42e4dffb, max_idle_ns: 881590591483 ns
[    0.000000] Zone ranges:
[    0.000000]   DMA      [mem 0x0000000000001000-0x0000000000fffff]
[   .00000]  A32    me0x000000001000000x000003ffff]
[    0.000000  Norml  empy[    .0000]   Device   empty
[    0.000000] Movable zone start for each node
[    0.000000] Early memory node ranges
[    0.000000]   node   0: [mem 0x0000000000001000-0x000000000009efff]
[    0.000000]   node  0[mem 000000010000x000000003ffefff
[    0.000000] Initmem setup node 0 [mem 0x0000000000001000-0x000000003ffeffff]
[    0.000000] ACPI: PM-Timer IO Port: 0x4008
[    0.000000] IOAPIC[0]: apic_id 2, version 32, address 0xfec00000, GSI 0-23
[    0.000000] ACPI: INT_SRC_OVR (bus 0 bus_irq 0 global_irq 2 dfl dfl)
[    0.000000] ACPI: INT_SRC_OVR (bus 0 bus_irq 9 global_irq 9 low level)
[    0.000000] Using ACPI (MADT) or SMPcoiguratonnfortio
[   0.000]smoo: Alloin 2 CUs0 hotluCPUs[   .00000PM: Reisre nsa memory: [mem 0x00000000-0x00000fff]
[    0.000000] PM: Registered nosave meory [mem x009000-000ffff
   0.000] PM: egstred nosae emory:[m 0x000a000-000efff
[    0.000000] PM: egtered nsave memory:[mem 0x000f0000-0x000fffff]
[  0.0000] 20: [mem x40000-0fefffff ailabl fr CI devices[   0.000] Booing parairtualized kernel o KM
[    0.000000] clocksource: refined-jiffies: mask: 0xffffffff max_cycles: 0xfffff, max_idl_n: 764519021156 n
[    0.000] stu_perpu: NRCP:512 r_pumask_bits:512 nr_cpu_ids:2 nr_node_ids:1
[    0.000000] PERCPU: Embedded 34 pages/cpu @fff88003fc00000 s99544 r8192 d31528 u1048576
[    0.00000 PV qsinck hastable entries: 256 (order: 0, 409 bte
[    00000] uilt 1 zonelists in Node ode, mobit grupng on  otal pge 25713
[   0.00000] Policy zone: DMA32
[    0.000000] Kernel command line: BOOTIMAGEbot/vmluz4.4.0-112-generic root=LABEL=cloudimg-rootfs ro console=tty1 console=ttyS0
[    0.000000] PI hh tabl etres: 46 (order: 3, 3768 bes
[    0.000] Memory:101740K/1048120K available (8499Kerel de 1309K rwdata, 3988K rodata, 1508K init, 1316K bss, 46380K reserved, 0K cma-reserved)
[    0.000000] SLUB: HWalign=64, Order=0-3, MinObjects=0, CPUs=2, Nodes=1
[    0.000000] Kernel/User page tables isolation: enabled
[    0.000000] Hierarchical RCU imlentatn.
[    0.00000] 	Build-time adjustment of leaf fanout to 64.
[    0.000000] 	RCU restricting CPUs from NR_CPUS=512 to nr_cpu_ids=2.
[    0.000000] RCU: Adjusting geometry for rcu_fanout_leaf=64, nr_cpu_ids=2
[    0.000000] NR_IRQS:33024 nr_irqs:440 16
[    0.000000] Console: colour VGA+ 80x25
[    0.000000] console [tty1] enabled
[    0.000000] console [ttyS0] enabled
[    0.000000] tsc: Detected 1799.999 MHz processor
[   .22955] Calibrating delay loop (skipped) preset value.. 3599.99 BogoMIPS (lpj=7199996)
[   12.253350] pid_max: default: 32768 minimum: 301
[   12.254508] ACPI: Core revision 20150930
[   12.256398] ACPI: 2 ACPI AML tables successfully acquired and loaded
[   12.263908] Security Framework initialized
[   12.264995] Yama: becoming mindful.
[   12.265994] AppArmor: AppArmor initialized
[   12.298603] Dentry cache hash table entries: 131072 (order: 8, 1048576 bytes)
[   12.302228] Inode-cache hash table entries: 65536 (order: 7, 524288 bytes)
[   12.307788] Mount-cache hash table entries: 2048 (order: 2, 16384 bytes)
[   12.316137] Mountpoint-cache hash table entries: 2048 (order: 2, 16384 bytes)
[   12.358363] Initializing cgroup subsys io
[   12.376039] Initializing cgroup subsys memory
[   12.394495] Initializing cgroup subsys devices
[   12.395683] Initializing cgroup subsys freezer
[   12.397241] Initializing cgroup subsys net_cls
[   12.398645] Initializing cgroup subsys perf_event
[   12.401870] Initializing cgroup subsys net_prio
[   12.410538] Initializing cgroup subsys hugetlb
[   12.412775] Initializing cgroup subsys pids
[   12.414347] CPU: Physical Processor ID: 0
[   12.415450] CPU: Processor Core ID: 0
[   12.416478] FEATURE SPEC_CTRL Not Present
[   12.419354] mce: CPU supports 0 MCE banks
[   12.420789] Last level iTLB entries: 4KB 64, 2MB 8, 4MB 8
[   12.422256] Last level dTLB entries: 4KB 64, 2MB 0, 4MB 0, 1GB 4
[   12.435782] Freeing SMP alternatives memory: 32K
[   12.475085] ftrace: allocating 32180 entries in 126 pages
[   12.547999] smpboot: APIC(0) Converting physical 0 to logical package 0
[   12.557052] smpboot: Max logical packages: 1
[   12.565076] x2apic enabled
[   12.569102] Switched APIC routing to physical x2apic.
[   12.581049] ..TIMER: vector=0x30 apic1=0 pin1=2 apic2=-1 pin2=-1
[   12.705671] smpboot: CPU0: Intel(R) Core(TM) i5-5350U CPU @ 1.80GHz (family: 0x6, model: 0x3d, stepping: 0x4)
[   12.724306] Performance Events: unsupported p6 CPU model 61 no PMU driver, software events only.
[   12.751098] KVM setup paravirtual spinlock
[   12.781439] x86: Booting SMP configuration:
[   12.807823] .... node  #0, CPUs:      #1
[   12.831531] kvm-clock: cpu 1, msr 0:3ffe3041, secondary cpu clock
[   12.854223] mce: CPU supports 0 MCE banks
[   12.858616] x86: Booted up 1 node, 2 CPUs
[   12.888882] smpboot: Total of 2 processors activated (7199.99 BogoMIPS)
[   12.947232] devtmpfs: initialized
[   12.984730] evm: security.selinux
[   13.007488] evm: security.SMACK64
[   13.056159] evm: security.SMACK64EXEC
[   13.106725] evm: security.SMACK64TRANSMUTE
[   13.151852] evm: security.SMACK64MMAP
[   13.186776] evm: security.ima
[   13.214813] evm: security.capability
[   13.251332] clocksource: jiffies: mask: 0xffffffff max_cycles: 0xffffffff, max_idle_ns: 7645041785100000 ns
[   13.345716] futex hash table entries: 512 (order: 3, 32768 bytes)
[   13.386758] pinctrl core: initialized pinctrl subsystem
[   13.432252] RTC time:  9:17:42, date: 02/02/18
[   13.441426] NET: Registered protocol family 16
[   13.489579] cpuidle: using governor ladder
[   13.513885] cpuidle: using governor menu
[   13.537093] PCCT header not found.
[   13.566497] ACPI: bus type PCI registered
[   13.609352] acpiphp: ACPI Hot Plug PCI Controller Driver version: 0.5
[   13.661684] PCI: Using configuration type 1 for base access
[   13.697742] ACPI: Added _OSI(Module Device)
[   13.715551] ACPI: Added _OSI(Processor Device)
[   13.736938] ACPI: Added _OSI(3.0 _SCP Extensions)
[   13.760713] ACPI: Added _OSI(Processor Aggregator Device)
[   13.829685] ACPI: Executed 1 blocks of module-level executable AML code
[   13.900335] ACPI: Interpreter enabled
[   13.940720] ACPI: (supports S0 S5)
[   13.969819] ACPI: Using IOAPIC for interrupt routing
[   14.009667] PCI: Using host bridge windows from ACPI; if necessary, use "pci=nocrs" and report a bug
[   14.114184] ACPI: PCI Root Bridge [PCI0] (domain 0000 [bus 00-ff])
[   14.176341] acpi PNP0A03:00: _OSC: OS supports [ASPM ClockPM Segments MSI]
[   14.192690] acpi PNP0A03:00: _OSC: not requesting OS control; OS requires [ExtendedConfig ASPM ClockPM MSI]
[   14.267524] acpi PNP0A03:00: fail to add MMCONFIG information, can't access extended PCI configuration space under this bridge.
[   14.369192] PCI host bridge to bus 0000:00
[   14.396320] pci_bus 0000:00: root bus resource [io  0x0000-0x0cf7 window]
[   14.429542] pci_bus 0000:00: root bus resource [io  0x0d00-0xffff window]
[   14.471622] pci_bus 0000:00: root bus resource [mem 0x000a0000-0x000bffff window]
[   14.528276] pci_bus 0000:00: root bus resource [mem 0x40000000-0xfdffffff window]
[   14.593482] pci_bus 0000:00: root bus resource [bus 00-ff]
[   14.643091] pci 0000:00:01.1: legacy IDE quirk: reg 0x10: [io  0x01f0-0x01f7]
[   14.711625] pci 0000:00:01.1: legacy IDE quirk: reg 0x14: [io  0x03f6]
[   14.772110] pci 0000:00:01.1: legacy IDE quirk: reg 0x18: [io  0x0170-0x0177]
[   14.808055] pci 0000:00:01.1: legacy IDE quirk: reg 0x1c: [io  0x0376]
[   14.880598] pci 0000:00:07.0: quirk: [io  0x4000-0x403f] claimed by PIIX4 ACPI
[   14.946344] pci 0000:00:07.0: quirk: [io  0x4100-0x410f] claimed by PIIX4 SMB
[   15.015006] ACPI: PCI Interrupt Link [LNKA] (IRQs 5 9 10 *11)
[   15.033080] ACPI: PCI Interrupt Link [LNKB] (IRQs 5 9 *10 11)
[   15.081040] ACPI: PCI Interrupt Link [LNKC] (IRQs 5 *9 10 11)
[   15.137938] ACPI: PCI Interrupt Link [LNKD] (IRQs 5 9 10 *11)
[   15.187689] ACPI: Enabled 2 GPEs in block 00 to 07
[   15.238138] vgaarb: setting as boot device: PCI:0000:00:02.0
[   15.268845] vgaarb: device added: PCI:0000:00:02.0,decodes=io+mem,owns=io+mem,locks=none
[   15.339569] vgaarb: loaded
[   15.355076] vgaarb: bridge control possible 0000:00:02.0
[   15.383518] SCSI subsystem initialized
[   15.424952] ACPI: bus type USB registered
[   15.466910] usbcore: registered new interface driver usbfs
[   15.519491] usbcore: registered new interface driver hub
[   15.561061] usbcore: registered new device driver usb
[   15.606159] PCI: Using ACPI for IRQ routing
[   15.651975] NetLabel: Initializing
[   15.679346] NetLabel:  domain hash size = 128
[   15.728925] NetLabel:  protocols = UNLABELED CIPSOv4
[   15.782578] NetLabel:  unlabeled traffic allowed by default
[   15.852037] amd_nb: Cannot enumerate AMD northbridges
[   15.896741] clocksource: Switched to clocksource kvm-clock
[   15.940869] AppArmor: AppArmor Filesystem Enabled
[   15.947763] pnp: PnP ACPI init
[  15.949894]pnpPnAC: un3 vis
[ 16037]losoceac_p mask: 0xfffff m_cles: 0xffffff, max_idle_ns: 2085701024 ns
[  19947 NT:egted potolamy 

[   175605TCesblihed hshab enie 819 (rdr:, 536 bytes)
[  13619] TCP bind hash table entries: 8192 (order: 5, 131072 bytes)
[   18.506163] TCP: Hash tables configured (esabised8192 bind 8192)
[   18.617332] UDP hash table entries: 512 (order: 2, 16384 bytes)
[   18.618809] UDP-Lite hash table entries: 512 (order: 2, 16384 bytes)
[   18.621253] NET: Registered protocol family 1
[   18.622566] pci 0000:00:00.0: Limiting direct PCI/PCI transfers
[   18.624040] pci 0000:00:01.0: Activatin ISA DM hg orronds
[  186884] Unpacking initmf..

[   1.151]renginrdemy:07K[  26461RAPL PU teedAPun i2^2 ul, fid ouer 1734140 ms ovfl timer
[  2269502] hw nitofominppco 20 ul
[   23.237293] hw unit of domain package 2^-0 Joules
[   23.273546] hw unit of domain dram 2^-0 Joules
[   23.317000] hw unit of domain pp1-gpu 2^-0 Joules
[   3.74] platform rtc_os rgier ptfm C device (n PP device found)
[   23.936745] Scanning for low memory corruption every 60 seconds

[   23.939413] audit: initializing netlink subsys (disabled)
[   23.961525] audit: type=2000 audit(1517563062.474:1): initialized
[   24.002783] Initialise system trusted keyring
[   24.004218] HugeTLB registered 2 MB page size, pre-allocated 0 pages
[   24.043410] zbud: loaded
[   24.076112] VFS: Disk quotas dquot_6.6.0
[   24.129802] VFS: Dquot-cache hash table entries: 512 (order 0, 4096 bytes)
[   24.161188] squashfs: version 4.0 (2009/01/31) Phillip Lougher
[   24.263155] fuse init (API version 7.23)
[   24.297616] Key type big_key registered
[   24.321614] Allocating IMA MOK and blacklist keyrings.
[   24.357749] tsc: Refined TSC clocksource calibration: 1799.203 MHz
[   24.357751] clocksource: tsc: mask: 0xffffffffffffffff max_cycles: 0x19ef38c1ce7, max_idle_ns: 440795244234 ns
[   24.391975] Key type asymmetric registered
[   24.401004] Asymmetric key parser 'x509' registered
[   24.437157] Block layer SCSI generic (bsg) driver version 0.4 loaded (major 249)
[   24.501109] io scheduler noop registered
[   24.537552] io scheduler deadline registered (default)
[   24.593068] io scheduler cfq registered
[   24.627098] pci_hotplug: PCI Hot Plug PCI Core version: 0.5
[   24.692295] pciehp: PCI Express Hot Plug Controller Driver version: 0.4
[   24.761100] ACPI: AC Adapter [AC] (off-line)
[   24.790419] input: Power Button as /devices/LNXSYSTM:00/LNXPWRBN:00/input/input0
[   24.852323] ACPI: Power Button [PWRF]
[   24.853452] input: Sleep Button as /devices/LNXSYSTM:00/LNXSLPBN:00/input/input1
[   24.855393] ACPI: Sleep Button [SLPF]
[   24.862122] ACPI: Battery Slot [BAT0] (battery present)
[   24.2743] GES HEST s not ebld!
[   25.234509] Serial: 8250/16550 driver, 32 ports, IRQ sharing enabled
[   25.294686] 00:02: ttyS0 at I/O 0x3f8 (irq = 4, base_baud = 115200) is a 16550A
[   25.362307] Linux agpgart interface v0.103
[   25.404098] loop: module loaded
[   25.428340] scsi host0: ata_piix
[   25.481626] scsi host1: ata_piix
[   25.521399] ata1: PATA max UDMA/33 cmd 0x1f0 ctl 0x3f6 bmdma 0xd000 irq 14
[   25.545975] ata2: PATA max UDMA/33 cmd 0x170 ctl 0x376 bmdma 0xd008 irq 15
[   25.547739] libphy: Fixed MDIO Bus: probed
[   25.577483] tun: Universal TUN/TAP device driver, 1.6
[   25.633100] tun: (C) 1999-2004 Max Krasnyansky <maxk@qualcomm.com>
[   25.711349] PPP generic driver version 2.4.2
[   25.722518] ehci_hcd: USB 2.0 'Enhanced' Host Controller (EHCI) Driver
[   25.785480] hc-pci ECICIlaorm driver
[   26.0291]eh-ptfm: EHCgeripltfrmrir[ 269056] hc_hd:US1. 'Open' HstCoroer (OCI Driver
[   7.309413 oi-i: OHCI PCI platfm rir[   2.66513] ohci-platform: OHCI generic platform driver
[   27.770905] uhci_hcd: USB Universal Host Controller Interface drver
[   28526i82:PN P2 ntroll [PNP0303:PS2K,PNP0f03:PS2M] at 0x60,0x64 irq 1,12

[   28.328537] serio: i8042 KBD port at 0x60,0x64 irq 1
[   28.361402] serio: i8042 AUX port at 0x60,0x64 irq 12
[   28.36796]moed: S/ musdeic cmofor all mice
[   28.873261] input: AT Translated Set 2 keyboard as /devices/platform/i8042/serio0/input/input2
[   28.981981] rtc_cmos rtc_cmos: rtc core: registered rtc_cmos as rtc0
[   29.013813] rtc_cmos rtc_cmos: alarms up to one day, 114 bytes nvram
[   29.058026] i2c /dev entries driver
[   29.096708] device-mapper: uevent: version 1.0.3
[   29.112820] device-mapper: ioctl: 4.34.0-ioctl (2015-10-28) initialised: dm-devel@redhat.com
[   29.168794] ledtrig-cpu: registered to indicate activity on CPUs
[   29.233588] NET: Registered protocol family 10
[   29.256483] NET: Registered protocol family 17
[   29.279928] Key type dns_resolver registered
[   29.307749] microcode: CPU0 sig=0x306d4, pf=0x40, revision=0x0
[   29.314279] microcode: CPU1 sig=0x306d4, pf=0x40, revision=0x0
[   29.342618] microcode: Microcode Update Driver: v2.01 <tigran@aivazian.fsnet.co.uk>, Peter Oruba
[   29.370944] registered taskstats version 1
[   29.392634] Loading compiled-in X.509 certificates
[   29.441894] Loaded X.509 cert 'Build time autogenerated kernel key: 4c603087bab8f0a02cb3b4e1fb4c40f507e71ef1'
[   29.469957] zswap: loaded using pool lzo/zbud
[   29.497870] Key type trusted registered
[   29.510300] Key type encrypted registered
[   29.544206] AppArmor: AppArmor sha1 policy hashing enabled
[   29.548129] ima: No TPM chip found, activating TPM-bypass!
[   29.636159] evm: HMAC attrs: 0x1
[   29.667946]   Magic number: 6:795:271
[   29.712672] rtc_cmos rtc_cmos: setting system clock to 2018-02-02 09:17:58 UTC (1517563078)
[   29.754105] BIOS EDD facility v0.16 2004-Jun-25, 0 devices found
[   29.821691] EDD information not available.
[   29.824882] Freeing unused kernel memory: 1508K
[   29.834309] Write protecting the kernel read-only data: 14336k
[   29.836354] Freeing unused kernel memory: 1728K
[   29.872128] Freeing unused kernel memory: 108K
Loading, please wait...
starting version[   29.907571] random: systemd-udevd: uninitialized urandom read (16 bytes read, 7 bits of entropy available)
 229
[   29.908303] random: udevadm: uninitialized urandom read (16 bytes read, 7 bits of entropy available)
[   29.908327] random: udevadm: uninitialized urandom read (16 bytes read, 7 bits of entropy available)
[   29.920456] random: udevadm: uninitialized urandom read (16 bytes read, 7 bits of entropy available)
[   29.920509] random: udevadm: uninitialized urandom read (16 bytes read, 7 bits of entropy available)
[   29.920686] random: udevadm: uninitialized urandom read (16 bytes read, 7 bits of entropy available)
[   29.920759] random: udevadm: uninitialized urandom read (16 bytes read, 7 bits of entropy available)
[   29.920871] random: udevadm: uninitialized urandom read (16 bytes read, 7 bits of entropy available)
[   29.920945] random: udevadm: uninitialized urandom read (16 bytes read, 7 bits of entropy available)
[   29.921018] random: udevadm: uninitialized urandom read (16 bytes read, 7 bits of entropy available)
[   30.698620] e1000: Intel(R) PRO/1000 Network Driver - version 7.3.21-k8-NAPI
[   30.735680] e1000: Copyright (c) 1999-2006 Intel Corporation.
[   30.753999] Fusion MPT base driver 3.04.20
[   30.764845] Copyright (c) 1999-2008 LSI Corporation
[   30.790085] AVX2 version of gcm_enc/dec engaged.
[   30.818643] AES CTR mode by8 optimization enabled
[   30.821748] Fusion MPT SPI Host driver 3.04.20
[   30.970721] input: ImExPS/2 Generic Explorer Mouse as /devices/platform/i8042/serio1/input/input4
[   31.249727] e1000 0000:00:03.0 eth0: (PCI:33MHz:32-bit) 02:db:14:78:b4:e6
[   31.277172] e1000 0000:00:03.0 eth0: Intel(R) PRO/1000 Network Connection
[   31.775215] e1000 0000:00:08.0 eth1: (PCI:33MHz:32-bit) 08:00:27:67:64:cf
[   31.788046] e1000 0000:00:08.0 eth1: Intel(R) PRO/1000 Network Connection
[   31.792246] e1000 0000:00:08.0 enp0s8: renamed from eth1
[   31.812471] mptbase: ioc0: Initiating bringup
[   31.855689] e1000 0000:00:03.0 enp0s3: renamed from eth0
[   31.909490] ioc0: LSI53C1030 A0: Capabilities={Initiator}
[   32.874536] scsi host2: ioc0: LSI53C1030 A0, FwRev=00000000h, Ports=1, MaxQ=256, IRQ=20
[   33.740906] floppy0: no floppy controllers found
[   33.741075] work still pending
[   33.925926] scsi 2:0:0:0: Direct-Access     VBOX     HARDDISK         1.0  PQ: 0 ANSI: 5
[   33.940427] scsi target2:0:0: Beginning Domain Validation
[   33.966239] scsi target2:0:0: Domain Validation skipping write tests
[   33.977786] scsi target2:0:0: Ending Domain Validation
[   33.987590] scsi target2:0:0: asynchronous
[   34.003613] scsi 2:0:1:0: Direct-Access     VBOX     HARDDISK         1.0  PQ: 0 ANSI: 5
[   34.018147] scsi target2:0:1: Beginning Domain Validation
[   34.053406] scsi target2:0:1: Domain Validation skipping write tests
[   34.132326] scsi target2:0:1: Ending Domain Validation
[   34.163312] scsi target2:0:1: asynchronous
[   34.187574] sd 2:0:0:0: [sda] 20971520 512-byte logical blocks: (10.7 GB/10.0 GiB)
[   34.187976] sd 2:0:0:0: Attached scsi generic sg0 type 0
[   34.246200] sd 2:0:1:0: Attached scsi generic sg1 type 0
[   34.337889] sd 2:0:1:0: [sdb] 20480 512-byte logical blocks: (10.5 MB/10.0 MiB)
[   34.444333] sd 2:0:0:0: [sda] Write Protect is off
[   34.518030] sd 2:0:1:0: [sdb] Write Protect is off
[   34.521855] sd 2:0:0:0: [sda] Incomplete mode parameter data
[   34.521856] sd 2:0:0:0: [sda] Assuming drive cache: write through
[   34.627607] sd 2:0:1:0: [sdb] Incomplete mode parameter data
[   34.629131]  sda: sda1
[   34.725609] sd 2:0:0:0: [sda] Attached SCSI disk
[   34.817135] sd 2:0:1:0: [sdb] Assuming drive cache: write through
[   34.873439] sd 2:0:1:0: [sdb] Attached SCSI disk
Begin: Loading e[   36.417822] md: linear personality registered for level -1
ssential drivers[   36.464618] md: multipath personality registered for level -4
 ... [   36.532935] md: raid0 personality registered for level 0
[   36.577005] md: raid1 personality registered for level 1
[   36.713324] raid6: sse2x1   gen()  8822 MB/s
[   36.817413] raid6: sse2x1   xor()  6576 MB/s
[   36.969028] raid6: sse2x2   gen() 10059 MB/s
[   37.097326] raid6: sse2x2   xor()  6550 MB/s
[   37.217962] raid6: sse2x4   gen() 12425 MB/s
[   37.328903] raid6: sse2x4   xor()  5506 MB/s
[   37.405258] raid6: avx2x1   gen() 13425 MB/s
[   37.532931] raid6: avx2x2   gen() 18146 MB/s
[   37.668977] raid6: avx2x4   gen() 21023 MB/s
[   37.729925] raid6: using algorithm avx2x4 gen() 21023 MB/s
[   37.790416] raid6: using avx2x2 recovery algorithm
[   37.833203] xor: automatically using best checksumming function:
[   37.920827]    avx       : 20152.000 MB/sec
[   37.953439] async_tx: api initialized (async)
[   37.986273] md: raid6 personality registered for level 6
[   38.007872] md: raid5 personality registered for level 5
[   38.009332] md: raid4 personality registered for level 4
[   38.066716] md: raid10 personality registered for level 10
done.
Begin: Running /scripts/init-premount ... done.
Begin: Mounting root file sys[   38.173134] Btrfs loaded
tem ... Begin: Running /scripts/local-top ... done.
Begin: Running /scripts/local-premount ... Scanning for Btr[   38.268888] EXT4-fs (sda1): mounted filesystem with ordered data mode. Opts: (null)
fs filesystems
done.
Warning: fsck not present, so skipping root file system
done.
Begin: Running /scripts/local-bottom ... done.
Begin: Running /scripts/init-bottom ... done.
[   38.426734] systemd[1]: systemd 229 running in system mode. (+PAM +AUDIT +SELINUX +IMA +APPARMOR +SMACK +SYSVINIT +UTMP +LIBCRYPTSETUP +GCRYPT +GNUTLS +ACL +XZ -LZ4 +SECCOMP +BLKID +ELFUTILS +KMOD -IDN)
[   38.616042] systemd[1]: Detected virtualization oracle.
[   38.670765] systemd[1]: Detected architecture x86-64.

Welcome to [1mUbuntu 16.04.3 LTS[0m!

[ 38771224]system[1: t stname to <ubuntu>.
[   39.099036] systemd[1]: Initializing machine ID from random generator.
[   39.169773] systemd[1]: Installed transient /etc/machine-id file.
[   39.376845] random: nonblocking pool is initialized
[   39.606581] systemd[1]: Listening on udev Control Socket.
[[0;32m  OK  [0m] Listening on udev Control Socket.
[   39.689492] systemd[1]: Listening on LVM2 metadata daemon socket.
[[0;32m  OK  [0m] Listening on LVM2 metadata daemon socket.
[   39.741870] systemd[1]: Set up automount Arbitrary Executable File Formats File System Automount Point.
[[0;32m  OK  [0m] Set up automount Arbitrary Executab...ats File System Automount Point.
[   39.913865] systemd[1]: Listening on Journal Socket.
[[0;32m  OK  [0m] Listening on Journal Socket.
[   40.070404] systemd[1]: Created slice User and Session Slice.
[[0;32m  OK  [0m] Created slice User and Session Slice.
[   40.117478] systemd[1]: Listening on /dev/initctl Compatibility Named Pipe.
[[0;32m  OK  [0m] Listening on /dev/initctl Compatibility Named Pipe.
[   40.285732] systemd[1]: Listening on Journal Socket (/dev/log).
[[0;32m  OK  [0m] Listening on Journal Socket (/dev/log).
[   40.377335] systemd[1]: Listening on udev Kernel Socket.
[[0;32m  OK  [0m] Listening on udev Kernel Socket.
[   40.538012] systemd[1]: Started Trigger resolvconf update for networkd DNS.
[[0;32m  OK  [0m] Started Trigger resolvconf update for networkd DNS.
[   40.633631] systemd[1]: Reached target Swap.
[[0;32m  OK  [0m] Reached target Swap.
[   40.681374] systemd[1]: Listening on Journal Audit Socket.
[[0;32m  OK  [0m] Listening on Journal Audit Socket.
[   40.705099] systemd[1]: Reached target Encrypted Volumes.
[[0;32m  OK  [0m] Reached target Encrypted Volumes.
[   40.794120] systemd[1]: Created slice System Slice.
[[0;32m  OK  [0m] Created slice System Slice.
[   40.885661] systemd[1]: Mounting POSIX Message Queue File System...
         Mounting POSIX Message Queue File System...
[   40.953463] systemd[1]: Starting Load Kernel Modules...
         Starting Load Kernel Mo[   40.966385] Loading iSCSI transport class v2.0-870.
dules...
[   41.033863] systemd[1]: Created slice system-serial\x2dgetty.slice.
[   41.420]sc: gierd anor(t) [[0;32m  OK  [0m] Created slice system-serial\x2dgetty.slice.
[   41.589461] iscsi: registered transport (iser)
[   41.593182] systemd[1]: Starting Uncomplicated firewall...
         Starting Uncomplicated firewall...
[   41.721095] systemd[1]: Starting Set console keymap...
         Starting Set console keymap...
[   41.785045] systemd[1]: Mounting Debug File System...
         Mounting Debug File System...
[   41.809053] systemd[1]: Started Forward Password Requests to Wall Directory Watch.
[[0;32m  OK  [0m] Started Forward Password Requests to Wall Directory Watch.
[   41.837909] systemd[1]: Listening on LVM2 poll daemon socket.
[[0;32m  OK  [0m] Listening on LVM2 poll daemon socket.
[   41.893627] systemd[1]: Starting Remount Root and Kernel File Systems...
         [   41.938436] EXT4-fs (sda1): re-mounted. Opts: (null)
Starting Remount Root and Kernel File Systems...
[   41.977540] systemd[1]: Starting Create list of required static device nodes for the current kernel...
         Starting Create list of required st... nodes for the current kernel...
[   42.057463] systemd[1]: Listening on Syslog Socket.
[[0;32m  OK  [0m] Listening on Syslog Socket.
[   42.101055] systemd[1]: Starting Journal Service...
         Starting Journal Service...
[   42.157425] systemd[1]: Starting Nameserver information manager...
         Starting Nameserver information manager...
[   42.180947] ste[1]: Listening on Dvie-mapeevt emn FIFOs.
[[0;32m  OK  [0m] Listening on Device-mapper event daemon FIFOs.
[   42.646327] systemd[1]: Starting Monitoring of LVM2 mirrors, snapshots etc. using dmeventd or progress polling...
         Starting Monitoring of LVM2 mirrors... dmeventd or progress polling...
[   42.733785] systemd[1]: Reached target User and Group Name Lookups.
[[0;32m  OK  [0m] Reached target User and Group Name Lookups.
[   42.868093] systemd[1]: Reached target Slices.
[[0;32m  OK  [0m] Reached target Slices.
[   42.920927] systemd[1]: Mounting Huge Pages File System...
         Mounting Huge Pages File System...
[   42.974188] systemd[1]: Mounted POSIX Message Queue File System.
[[0;32m  OK  [0m] Mounted POSIX Message Queue File System.
[   43.013708] systemd[1]: Mounted Debug File System.
[[0;32m  OK  [0m] Mounted Debug File System.
[   43.045519] systemd[1]: Mounted Huge Pages File System.
[[0;32m  OK  [0m] Mounted Huge Pages File System.
[   43.060574] systemd[1]: Started Journal Service.
[[0;32m  OK  [0m] Started Journal Service.
[[0;32m  OK  [0m] Started Load Kernel Modules.
[[0;32m  OK  [0m] Started Uncomplicated firewall.
[[0;32m  OK  [0m] Started Set console keymap.
[[0;32m  OK  [0m] Started Remount Root and Kernel File Systems.
[[0;32m  OK  [0m] Started Create list of required sta...ce nodes for the current kernel.
[[0;32m  OK  [0m] Started Nameserver information manager.
[[0;32m  OK  [0m] Started LVM2 metadata daemon.
         Starting Create Static Device Nodes in /dev...
         Starting Initial cloud-init job (pre-networking)...
         Starting Load/Save Random Seed...
         Starting udev Coldplug all Devices...
         Starting Apply Kernel Variables...
         Mounting FUSE Control File System...
         Starting Flush Journal to Persistent Storage...
[[0;32m  OK  [0m] Mounted FUSE Control File System.
[[0;32m  OK  [0m] Started Create Static Device Nodes in /dev.
[[0;32m  OK  [0m] Started Load/Save Random Seed.
[[0;32m  OK  [0m] Started Monitoring of LVM2 mirrors,...ng dmeventd or progress polling.
[[0;32m  OK  [0m] Started Apply Kernel Variables.
[[0;32m  OK  [0m] Started udev Coldplug all Devices.
[[0;32m  OK  [0m] Started Flush Journal to Persistent Storage.
         Starting udev Kernel Device Manager...
[[0;32m  OK  [0m] Started udev Kernel Device Manager.
[[0;32m  OK  [0m] Reached target Local File Systems (Pre).
[[0;32m  OK  [0m] Reached target Local File Systems.
         Starting Set console font and keymap...
         Starting Tell Plymouth To Write Out Runtime Data...
         Starting LSB: AppArmor initialization...
         Starting Create Volatile Files and Directories...
         Starting Commit a transient machine-id on disk...
[[0;32m  OK  [0m] Started Dispatch Password Requests to Console Directory Watch.
[[0;32m  OK  [0m] Started Tell Plymouth To Write Out Runtime Data.
[[0;32m  OK  [0m] Started Create Volatile Files and Directories.
[[0;32m  OK  [0m] Started Commit a transient machine-id on disk.
[[0;32m  OK  [0m] Found device /dev/ttyS0.
         Starting Update UTMP about System Boot/Shutdown...
[[0;32m  OK  [0m] Reached target System Time Synchronized.
[[0;32m  OK  [0m] Started Update UTMP about System Boot/Shutdown.
[   29.740568] cloud-init[448]: Cloud-init v. 17.1 running 'init-local' at Fri, 02 Feb 2018 09:18:13 +0000. Up 29.17 seconds.
[[0;32m  OK  [0m] Listening on Load/Save RF Kill Switch Status /dev/rfkill Watch.
[[0;1;31mFAILED[0m] Failed to start Set console font and keymap.
See 'systemctl status console-setup.service' for details.
[[0;32m  OK  [0m] Created slice system-getty.slice.
[[0;32m  OK  [0m] Started LSB: AppArmor initialization.
[[0;32m  OK  [0m] Started Initial cloud-init job (pre-networking).
[[0;32m  OK  [0m] Reached target Network (Pre).
         Starting Raise network interfaces...
[[0;32m  OK  [0m] Started Raise network interfaces.
[[0;32m  OK  [0m] Reached target Network.
         Starting Initial cloud-init job (metadata service crawler)...
[   33.552188] cloud-init[931]: Cloud-init v. 17.1 running 'init' at Fri, 02 Feb 2018 09:18:16 +0000. Up 32.72 seconds.
[   33.617281] cloud-init[931]: ci-info: ++++++++++++++++++++++++++++++++++++++Net device info++++++++++++++++++++++++++++++++++++++
[[0;32m  OK  [0m] Started Initial cloud-init job (metadata service crawler).
[   33.618134] cloud-init[931]: ci-info: +--------+-------+----------------------------+---------------+-------+-------------------+
[   33.857062] cloud-init[931]: ci-info: | Device |   Up  |          Address           |      Mask     | Scope |     Hw-Address    |
[[0;32m  OK  [0m] Reached target Cloud-config availability.
[[   33.858302] cloud-init[931]: ci-info: +--------+-------+----------------------------+---------------+-------+-------------------+
[   34.007908] cloud-init[931]: ci-info: | enp0s3 |  True |         10.0.2.15          | 255.255.255.0 |   .   | 02:db:14:78:b4:e6 |
[0;32m  OK  [0m] Reached target Network is Online.
[   34.008232] cloud-init[931]: ci-info: | enp0s3 |  True | fe80::db:14ff:fe78:b4e6/64 |       .       |  link | 02:db:14:78:b4:e6 |
[   34.181256] cloud-init[931]: ci-info: | enp0s8 | False |             .              |       .       |   .   | 08:00:27:67:64:cf |
[   34.181671] cloud-init[931]: ci-info: |   lo   |  True |         127.0.0.1          |   255.0.0.0   |   .   |         .         |
         Starting iSCSI initiator daemon (iscsid)...
[[   34.181950] cloud-init[931]: ci-info: |   lo   |  True |          ::1/128           |       .       |  host |         .         |
[   34.213695] cloud-init[931]: ci-info: +--------+-------+----------------------------+---------------+-------+-------------------+
[0;32m  OK  [0m] Reached target System Initialization.
         [   34.213926] Starting Socket activation for snappy daemon.cloud-init
[931]: ci-info: +++++++++++++++++++++++++++Route IPv4 info++++++++++++++++++++++++++++
[   34.243259] cloud-init[931]: ci-info: +-------+-------------+----------+---------------+-----------+-------+
[   34.243742] cloud-init[931]: ci-info: | Route | Destination | Gateway  |    Genmask    | Interface | Flags |
[[0;32m  OK  [0m] Listening on UUID daemon activation socket.
[   34.243959] cloud-init[931]: ci-info: +-------+-------------+----------+---------------+-----------+-------+
[   34.280327] cloud-init[931]: ci-info: |   0   |   0.0.0.0   | 10.0.2.2 |    0.0.0.0    |   enp0s3  |   UG  |
[[0;32m  OK  [0m] Listening on D-Bus System Message Bus Socket.
[[   34.280485] cloud-init[931]: ci-info: |   1   |   10.0.2.0  | 0.0.0.0  | 255.255.255.0 |   enp0s3  |   U   |
[   34.309653] cloud-init[931]: ci-info: +-------+-------------+----------+---------------+-----------+-------+
[0;32m  OK  [0m] Listening on ACPID Listen Socket.
[   34.310042] cloud-init[931]: Generating public/private rsa key pair.
[   34.504781] cloud-init[931]: Your identification has been saved in /etc/ssh/ssh_host_rsa_key.
[   34.505294] cloud-init[931]: Your public key has been saved in /etc/ssh/ssh_host_rsa_key.pub.
         Starting LXD - unix socket.
[   34.505389] cloud-init[931]: The key fingerprint is:
[   34.717055] cloud-init[931]: SHA256:8UVhMNqsTDxYCtaQKhajiXGNI+FGn4C849NHNr4VXqA root@ubuntu-xenial
[   34.717716] cloud-init[931]: The key's randomart image is:
[[0;32m  OK  [0m] Started ACPI Events Check.
[[   34.718247] cloud-init[931]: +---[RSA 2048]----+
[   34.889964] cloud-init[931]: |++ o++  . o.+.   |
[   34.890377] cloud-init[931]: |*+*.+..* + +     |
[   34.890840] cloud-init[931]: |oB+=  + B o .    |
[   34.891847] cloud-init[931]: |*+.  E + * .     |
[0;32m  OK  [0m] Reached target Paths.
[[   34.893343] cloud-init[931]: |o.o + o S .      |
[   35.080884] cloud-init[931]: | o . o o         |
[   35.081212] cloud-init[931]: |  . . o          |
[   35.081591] cloud-init[931]: |     .           |
[   35.081973] cloud-init[931]: |                 |
[   35.082355] cloud-init[931]: +----[SHA256]-----+
[0;32m  OK  [0m] Started Daily Cleanup of Temporary Directories.
[   35.082720] cloud-init[931]: Generating public/private dsa key pair.
[   35.200525] cloud-init[931]: Your identification has been saved in /etc/ssh/ssh_host_dsa_key.
[[0;32m  OK  [0m] Started Daily apt download activities.
[   35.200993] cloud-init[931]: Your public key has been saved in /etc/ssh/ssh_host_dsa_key.pub.
[   35.304486] cloud-init[931]: The key fingerprint is:
[   35.304937] cloud-init[931]: SHA256:TUB5RH6inr3fiqGPuxnNIIFGwbgzAPgl/i+pYV5a7ro root@ubuntu-xenial
[[0;32m  OK  [0m] Started Daily apt upgrade and clean activities.
[   35.305176] cloud-init[931]: The key's randomart image is:
[   35.433282] cloud-init[931]: +---[DSA 1024]----+
[[0;32m  OK  [0m] Started Timer to automatically refresh installed snaps.
[[   35.433661] cloud-init[931]: |+  oo. .o+o      |
[   35.511078] cloud-init[931]: |o o.o.  .o.      |
[0;32m  OK  [0m] Reached target Timers.
[   35.511251] cloud-init[931]: | + +o .  .+ .    |
[[0;32m  OK  [0m] Listening on Socket activation for snappy daemon.[   35.690498] cloud-init[931]: |  *.   . + o     |
[   35.690965] cloud-init[931]: |   +  . S .      |
[   35.691169] cloud-init[931]: |    .  o *       |
[   35.691393] cloud-init[931]: |  o oo  + =      |
[   35.691622] cloud-init[931]: | o *o .  = + .   |
[   35.691848] cloud-init[931]: |  E=o.  *++.o..  |

[   35.692736] cloud-init[931]: +----[SHA256]-----+
[   35.706430] cloud-init[931]: Generating public/private ecdsa key pair.
[[0;32m  OK  [0m] Listening on LXD - unix socket.
[   35.706635] cloud-init[931]: Your identification has been saved in /etc/ssh/ssh_host_ecdsa_key.
[[0;32m  OK  [0m] Started iSCSI initiator daemon (iscsid).
[   35.805187] cloud-init[931]: Your public key has been saved in /etc/ssh/ssh_host_ecdsa_key.pub.
[   35.885601] cloud-init[931]: The key fingerprint is:
[   35.892935] cloud-init[931]: SHA256:0idVc0/C5f3tIHYGBK4QuSd2RtDA9/HC7PhLtPiVWcQ root@ubuntu-xenial
[   35.910585] cloud-init[931]: The key's randomart image is:
[   35.915558] cloud-init[931]: +---[ECDSA 256]---+
[   35.936594] cloud-init[931]: |     .+=  ..+.o.o|
[   35.937152] cloud-init[931]: |      o.+..o +.=.|
         Starting Login to default iSCSI targets...
[   35.937439] cloud-init[931]: |      .+ +oo. E +|
[   36.045375] cloud-init[931]: |      +o+o= .o  o|
[[0;32m  OK  [0m] Reached target Sockets.
[[   36.045549] cloud-init[931]: |     ..=Soo.o = o|
[   36.145401] cloud-init[931]: |       ..=.o B o |
[0;32m  OK  [0m] Reached target Basic System.
[   36.145502] cloud-init[931]: |        ..o +   .|
         Starting LXD - container startup/shutdown...
[   36.189200] cloud-init[931]: |         o..     |
[   36.268475] cloud-init[931]: |          o.     |
[   36.268984] cloud-init[931]: +----[SHA256]-----+
         Starting LSB: MD monitoring daemon...
[   36.269200] cloud-init[931]: Generating public/private ed25519 key pair.
[   36.428451] cloud-init[931]: Your identification has been saved in /etc/ssh/ssh_host_ed25519_key.
[   36.428916] cloud-init[931]: Your public key has been saved in /etc/ssh/ssh_host_ed25519_key.pub.
[[0;32m  OK  [0m] Started D-Bus System Message Bus.
[   36.429126] cloud-init[931]: The key fingerprint is:
[   36.524795] cloud-init[931]: SHA256:sf+DAaNqGQx6S5hxwSpUfXd71d9RzlEgjFtWxiul0qU root@ubuntu-xenial
[   36.525194] cloud-init[931]: The key's randomart image is:
         Starting LSB: Record successful boot for GRUB...
[   36.525419] cloud-init[931]: +--[ED25519 256]--+
[   36.636757] cloud-init[931]: | ....      o.o+o*|
[   36.637165] cloud-init[931]: | .o  . . ...+o+=o|
[[0;32m  OK  [0m] Started FUSE filesystem for LXC.
[   36.637382] cloud-init[931]: |.. .  . o .=.=..*|
[   36.794442] cloud-init[931]: |+ o     ooo.E.. o|
[   36.795023] cloud-init[931]: |.* o   .So ...   |
         Starting Login Service...
[   36.795238] cloud-init[931]: |+ o o .  ..      |
[   36.904755] cloud-init[931]: | o . +    .o     |
[   36.909973] cloud-init[931]: |  . +     ...    |
[   36.932536] cloud-init[931]: |   .        ..   |
[   36.933042] cloud-init[931]: +----[SHA256]-----+
[[0;32m  OK  [0m] Started Regular background program processing daemon.
         Starting Accounts Service...
[[0;32m  OK  [0m] Started ACPI event daemon.
         Starting Apply the settings specified in cloud-config...
         Starting System Logging Service...
[[0;32m  OK  [0m] Started Deferred execution scheduler.
         Starting Pollinate to seed the pseudo random number generator...
[[0;32m  OK  [0m] Started Unattended Upgrades Shutdown.
         Starting /etc/rc.local Compatibility...
         Starting Snappy daemon...
[[0;32m  OK  [0m] Started System Logging Service.
[[0;32m  OK  [0m] Started LXD - container startup/shutdown.
[[0;32m  OK  [0m] Started /etc/rc.local Compatibility.
[[0;32m  OK  [0m] Started Login to default iSCSI targets.
[[0;32m  OK  [0m] Started LSB: MD monitoring daemon.
[[0;32m  OK  [0m] Started Pollinate to seed the pseudo random number generator.
[[0;32m  OK  [0m] Started Snappy daemon.
[[0;32m  OK  [0m] Started LSB: Record successful boot for GRUB.
[[0;32m  OK  [0m] Started Login Service.
         Starting Authenticate and Authorize Users to Run Privileged Tasks...
         Starting OpenBSD Secure Shell server...
[[0;32m  OK  [0m] Reached target Remote File Systems (Pre).
[[0;32m  OK  [0m] Reached target Remote File Systems.
         Starting LSB: Set the CPU Frequency Scaling governor to "ondemand"...
         Starting LSB: daemon to balance interrupts for SMP systems...
[   38.183365] cloud-init[1074]: Generating locales (this might take a while)...
         Starting Permit User Sessions...
         Starting LSB: automatic crash report generation...
         Starting LSB: VirtualBox Linux Additions...
[[0;32m  OK  [0m] Started OpenBSD Secure Shell server.
[[0;32m  OK  [0m] Started Permit User Sessions.
[[0;32m  OK  [0m] Started Authenticate and Authorize Users to Run Privileged Tasks.
[[0;32m  OK  [0m] Started Accounts Service.
[[0;32m  OK  [0m] Started LSB: Set the CPU Frequency Scaling governor to "ondemand".
[[0;32m  OK  [0m] Started LSB: daemon to balance interrupts for SMP systems.
         Starting Terminate Plymouth Boot Screen...
         Starting Hold until boot process finishes up...
[[0;32m  OK  [0m] Started LSB: automatic crash report generation.
[[0;32m  OK  [0m] Started Terminate Plymouth Boot Screen.
[[0;32m  OK  [0m] Started Hold until boot process finishes up.
[[0;32m  OK  [0m] Started LSB: VirtualBox Linux Additions.
[[0;32m  OK  [0m] Created slice User Slice of vagrant.
[[0;32m  OK  [0m] Started Session 1 of user vagrant.
         Starting User Manager for UID 1000...
         Starting Set console scheme...
[[0;32m  OK  [0m] Started Getty on tty1.
[[0;32m  OK  [0m] Started Serial Getty on ttyS0.
[[0;32m  OK  [0m] Reached target Login Prompts.
[[0;32m  OK  [0m] Reached target Multi-User System.
[[0;32m  OK  [0m] Reached target Graphical Interface.
         Starting Update UTMP about System Runlevel Changes...
[[0;32m  OK  [0m] Started User Manager for UID 1000.
[[0;32m  OK  [0m] Started Set console scheme.
[[0;32m  OK  [0m] Started Update UTMP about System Runlevel Changes.
[   39.335919] cloud-init[1074]:   en_US.UTF-8... done
[   39.362496] cloud-init[1074]: Generation complete.
[   39.878367] cloud-init[1074]: Cloud-init v. 17.1 running 'modules:config' at Fri, 02 Feb 2018 09:18:21 +0000. Up 37.80 seconds.
[[0;32m  OK  [0m] Started Apply the settings specified in cloud-config.
         Starting Execute cloud user/final scripts...
ci-info: no authorized ssh keys fingerprints found for user ubuntu.
<14>Feb  2 09:18:24 ec2: 
<14>Feb  2 09:18:24 ec2: #############################################################
<14>Feb  2 09:18:24 ec2: -----BEGIN SSH HOST KEY FINGERPRINTS-----
<14>Feb  2 09:18:24 ec2: 1024 SHA256:TUB5RH6inr3fiqGPuxnNIIFGwbgzAPgl/i+pYV5a7ro root@ubuntu-xenial (DSA)
<14>Feb  2 09:18:24 ec2: 256 SHA256:0idVc0/C5f3tIHYGBK4QuSd2RtDA9/HC7PhLtPiVWcQ root@ubuntu-xenial (ECDSA)
<14>Feb  2 09:18:24 ec2: 256 SHA256:sf+DAaNqGQx6S5hxwSpUfXd71d9RzlEgjFtWxiul0qU root@ubuntu-xenial (ED25519)
<14>Feb  2 09:18:24 ec2: 2048 SHA256:8UVhMNqsTDxYCtaQKhajiXGNI+FGn4C849NHNr4VXqA root@ubuntu-xenial (RSA)
<14>Feb  2 09:18:24 ec2: -----END SSH HOST KEY FINGERPRINTS-----
<14>Feb  2 09:18:24 ec2: #############################################################
-----BEGIN SSH HOST KEY KEYS-----
ecdsa-sha2-nistp256 AAAAE2VjZHNhLXNoYTItbmlzdHAyNTYAAAAIbmlzdHAyNTYAAABBBEQyKjInVBC+fOQMVp6QN5lfv26NgMr5lDxEYz2aarkJw4eeUQZRsIJuDrC7j+xb+Q3eQZhNP/9jicnDluzF6fg= root@ubuntu-xenial
ssh-ed25519 AAAAC3NzaC1lZDI1NTE5AAAAICeOEj6NBvN7uK9fCMObhD+uTOctzCMFOl3i6SZuusWL root@ubuntu-xenial
ssh-rsa AAAAB3NzaC1yc2EAAAADAQABAAABAQDAyvlRWHiVu0k5MxiOQBF7I2r4FbYVOvMRpcCxZ4sWvpNN/mCMfcHEvcI5xF5M2qD2HxD2WrQnR+StJPtjrP5ZMmHnFKQe5ZK/HgYa2mpoqyFNc6KElrBd0wvVJQmBwsZ3caEZHpRUt3ZdPHhTlyQzRb2sAPhNqDsS3PSgg9+LUtoSOymWreDBu8e+MKm+jbNbYb3sKFJxstuhe3Z+GWD4LDUx+VqHhe6m6wORB5HJO/Dc3fEhAqQUIA+IfzdqDm9xQ4XEpAmv8HTHtYz/j00pK3Q6LAAy/6ZXap/tCz2Nf/V4AFe/PQ5VhnOszIhpA8LDqJ4tu2QLAlGeXGspokL7 root@ubuntu-xenial
-----END SSH HOST KEY KEYS-----
         Stopping User Manager for UID 1000...
[[0;32m  OK  [0m] Stopped User Manager for UID 1000.
[   41.217898] cloud-init[1386]: Cloud-init v. 17.1 running 'modules:final' at Fri, 02 Feb 2018 09:18:24 +0000. Up 40.42 seconds.
[   41.353006] cloud-init[1386]: ci-info: no authorized ssh keys fingerprints found for user ubuntu.
[   41.353743] cloud-init[1386]: Cloud-init v. 17.1 finished at Fri, 02 Feb 2018 09:18:25 +0000. Datasource DataSourceNoCloud [seed=/dev/sdb][dsmode=net].  Up 41.20 seconds
[[0;32m  OK  [0m] Started Execute cloud user/final scripts.
[[0;32m  OK  [0m] Reached target Cloud-init target.
[[0;32m  OK  [0m] Removed slice User Slic         Stopping Usera         Stopping Serial Getty on ttyS0...
         Stopp         Stopping Session 4 of user vagra[[0;32m  OK  [0m] Unmounted /var/lib/lxcfs.
[[0;32m  OK  [0m] Stopped Regular background program processing daemon.
[[0;32m  OK  [0m] Stopped Accounts Service.
[[0;32m  OK  [0m] Stopped ACPI event daemon.
[[0;32m  OK  [0m] Stopped System Logging Service.
[[0;32m  OK  [0m] Stopped Deferred execution scheduler.
[[0;32m  OK  [0m] Stopped Snappy daemon.
[[0;32m  OK  [0m] Stopped Authenticate and Authorize Users to Run Privileged Tasks.
[[0;32m  OK  [0m] Stopped OpenBSD Secure Shell server.
[[0;32m  OK  [0m] Stopped Getty on tty1.
[[0;32m  OK  [0m] Stopped Serial Getty on ttyS0.
[[0;32m  OK  [0m] Stopped High-performance, schema-free document-oriented database.
[[0;32m  OK  [0m] Stopped User Manager for UID 1000.
[[0;32m  OK  [0m] Stopped Session 4 of user vagrant.
[[0;32m  OK  [0m] Stopped Unattended Upgrades Shutdown.
[[0;32m  OK  [0m] Stopped D-Bus System Message Bus.
[[0;32m  OK  [0m] Stopped FUSE filesystem for LXC.
[[0;32m  OK  [0m] Stopped LXD - container startup/shutdown.
[[0;32m  OK  [0m] Stopped LSB: Set the CPU Frequency Scaling governor to "ondemand".
[[0;32m  OK  [0m] Stopped LSB: VirtualBox Linux Additions.
[[0;32m  OK  [0m] Stopped LSB: daemon to balance interrupts for SMP systems.
[[0;32m  OK  [0m] Stopped LSB: automatic crash report generation.
[[0;32m  OK  [0m] Stopped LSB: Record successful boot for GRUB.
[[0;32m  OK  [0m] Stopped LSB: MD monitoring daemon.
[[0;32m  OK  [0m] Removed slice User Slice of vagrant.
         Stopping Login Service...
[[0;32m  OK  [0m] Removed slice system-serial\x2dgetty.slice.
[[0;32m  OK  [0m] Removed slice system-getty.slice.
         Stopping Permit User Sessions...
[[0;32m  OK  [0m] Stopped /etc/rc.local Compatibility.
[[0;32m  OK  [0m] Stopped Login Service.
[[0;32m  OK  [0m] Stopped Permit User Sessions.
[[0;32m  OK  [0m] Stopped target Remote File Systems.
[[0;32m  OK  [0m] Stopped target Remote File Systems (Pre).
         Stopping Login to default iSCSI targets...
[[0;32m  OK  [0m] Stopped target Basic System.
[[0;32m  OK  [0m] Stopped target Paths.
[[0;32m  OK  [0m] Stopped Forward Password Requests to Wall Directory Watch.
[[0;32m  OK  [0m] Stopped Dispatch Password Requests to Console Directory Watch.
[[0;32m  OK  [0m] Stopped ACPI Events Check.
[[0;32m  OK  [0m] Stopped target Sockets.
[[0;32m  OK  [0m] Closed ACPID Listen Socket.
[[0;32m  OK  [0m] Closed D-Bus System Message Bus Socket.
[[0;32m  OK  [0m] Closed UUID daemon activation socket.
[[0;32m  OK  [0m] Closed Socket activation for snappy daemon.
[[0;32m  OK  [0m] Closed Syslog Socket.
[[0;32m  OK  [0m] Closed LXD - unix socket.
[[0;32m  OK  [0m] Stopped target Slices.
[[0;32m  OK  [0m] Stopped target System Initialization.
[[0;32m  OK  [0m] Stopped target Swap.
[[0;32m  OK  [0m] Stopped Commit a transient machine-id on disk.
[[0;32m  OK  [0m] Stopped Create Volatile Files and Directories.
         Stopping Load/Save Random Seed...
[[0;32m  OK  [0m] Stopped target Encrypted Volumes.
[[0;32m  OK  [0m] Stopped target User and Group Name Lookups.
[[0;32m  OK  [0m] Removed slice User and Session Slice.
[[0;32m  OK  [0m] Stopped Load/Save Random Seed.
[[0;32m  OK  [0m] Stopped Login to default iSCSI targets.
         Stopping iSCSI initiator daemon (iscsid)...
[[0;32m  OK  [0m] Stopped iSCSI initiator daemon (iscsid).
[[0;32m  OK  [0m] Stopped target Network is Online.
[[0;32m  OK  [0m] Stopped Initial cloud-init job (metadata service crawler).
[[0;32m  OK  [0m] Stopped target Network.
         Stopping Raise network interfaces...
[[0;32m  OK  [0m] Stopped Raise network interfaces.
[[0;32m  OK  [0m] Stopped target Local File Systems.
         Unmounting /run/user/1000...
         Unmounting /vagrant...
         Unmounting /home/ubuntu/db...
[[0;32m  OK  [0m] Stopped target Network (Pre).
[[0;32m  OK  [0m] Stopped Initial cloud-init job (pre-networking).
[[0;32m  OK  [0m] Stopped Apply Kernel Variables.
[[0;32m  OK  [0m] Stopped Load Kernel Modules.
[[0;32m  OK  [0m] Unmounted /run/user/1000.
[[0;32m  OK  [0m] Unmounted /vagrant.
[[0;32m  OK  [0m] Unmounted /home/ubuntu/db.
[[0;32m  OK  [0m] Reached target Unmount All Filesystems.
[[0;32m  OK  [0m] Stopped target Local File Systems (Pre).
         Stopping Monitoring of LVM2 mirrors... dmeventd or progress polling...
[[0;32m  OK  [0m] Stopped Create Static Device Nodes in /dev.
[[0;32m  OK  [0m] Stopped Remount Root and Kernel File Systems.
[[0;32m  OK  [0m] Reached target Shutdown.
[ 1066.0160]ebot: Powr wn

ed target Local File Systems.
         Unmounting /home/ubuntu/app...
         Unmounting /vagrant...
         Unmounting /run/user/1000...
[[0;32m  OK  [0m] Stopped Apply Kernel Variables.
[[0;32m  OK  [0m] Stopped Load Kernel Modules.
[[0;32m  OK  [0m] Unmounted /home/ubuntu/app.
[[0;32m  OK  [0m] Unmounted /vagrant.
[[0;32m  OK  [0m] Unmounted /run/user/1000.
[[0;32m  OK  [0m] Reached target Unmount All Filesystems.
[[0;32m  OK  [0m] Stopped target Local File Systems (Pre).
[[0;32m  OK  [0m] Stopped Remount Root and Kernel File Systems.
         Stopping Monitoring of LVM2 mirrors... dmeventd or progress polling...
[[0;32m  OK  [0m] Stopped Create Static Device Nodes in /dev.
[[0;32m  OK  [0m] Reached target Shutdown.
[ 105.8925 roo: wedo